<?xml version="1.0" encoding="UTF-8"?>
<testsuite name="Formulario de Registro" tests="1" skipped="0" failures="0" errors="0" timestamp="2021-12-20T22:19:56" hostname="22LAP5CD1346NNV" time="15.628">
  <properties/>
  <testcase name="el usuario realiza el registro" classname="Formulario de Registro" time="15.628"/>
  <system-out><![CDATA[17:19:57.238 [Test worker] INFO net.serenitybdd.core.webdriver.driverproviders.ProvideNewDriver - Instantiating driver
17:19:57.238 [Test worker] INFO net.serenitybdd.core.webdriver.driverproviders.ProvideNewDriver - Driver capabilities: Capabilities {acceptInsecureCerts: false, acceptSslCerts: true, browserName: chrome, goog:chromeOptions: {args: [], extensions: []}, incognito: true, loggingPrefs: org.openqa.selenium.logging..., platform: ANY, version: }
17:20:03.047 [Test worker] DEBUG net.serenitybdd.core.photography.Darkroom - Opening darkroom
17:20:03.048 [Darkroom Processing Line] DEBUG net.serenitybdd.core.photography.DarkroomProcessingLine - Darkroom processing line starting up
17:20:03.207 [Test worker] DEBUG net.serenitybdd.core.photography.Darkroom - Send negative for processing for C:\Repositories\dojo\projectCucumber\target\site\serenity\c6ea513785c80f4d3ac7fcc84d2e4e02098eaa472280f845a0d68a042f7613fc.png
17:20:04.177 [Test worker] DEBUG net.serenitybdd.core.photography.Darkroom - Send negative for processing for C:\Repositories\dojo\projectCucumber\target\site\serenity\6978075b8b7fb3e870364d5148527971282cbd4fec308647f8d0321b5d66a3ba.png
17:20:04.178 [Darkroom Processing Line] DEBUG net.serenitybdd.core.photography.DarkroomProcessingLine - Processing screenshot image in /var/screenshots/screenshot-2149047019128341353
17:20:04.178 [Darkroom Processing Line] DEBUG net.serenitybdd.core.photography.DarkroomProcessingLine - Saving screenshot to C:\Repositories\dojo\projectCucumber\target\site\serenity\6978075b8b7fb3e870364d5148527971282cbd4fec308647f8d0321b5d66a3ba.png
17:20:10.600 [Test worker] DEBUG net.serenitybdd.core.photography.Darkroom - Send negative for processing for C:\Repositories\dojo\projectCucumber\target\site\serenity\fe55f55d8530bab27b128e1f3b87e5456dedd453fb80318301ce53519d2f54e2.png
17:20:10.602 [Darkroom Processing Line] DEBUG net.serenitybdd.core.photography.DarkroomProcessingLine - Processing screenshot image in /var/screenshots/screenshot-467879958517605939
17:20:10.602 [Darkroom Processing Line] DEBUG net.serenitybdd.core.photography.DarkroomProcessingLine - Saving screenshot to C:\Repositories\dojo\projectCucumber\target\site\serenity\fe55f55d8530bab27b128e1f3b87e5456dedd453fb80318301ce53519d2f54e2.png
17:20:10.788 [Test worker] DEBUG net.serenitybdd.core.photography.Darkroom - Send negative for processing for C:\Repositories\dojo\projectCucumber\target\site\serenity\fe55f55d8530bab27b128e1f3b87e5456dedd453fb80318301ce53519d2f54e2.png
17:20:12.289 [Test worker] INFO net.thucydides.core.steps.ConsoleLoggingListener - 
        __    _____ _____ ____ _____   ____   _    ____  ____  _____ ____  
  _     \ \  |_   _| ____/ ___|_   _| |  _ \ / \  / ___|/ ___|| ____|  _ \ 
 (_)_____| |   | | |  _| \___ \ | |   | |_) / _ \ \___ \\___ \|  _| | | | |
  _|_____| |   | | | |___ ___) || |   |  __/ ___ \ ___) |___) | |___| |_| |
 (_)     | |   |_| |_____|____/ |_|   |_| /_/   \_\____/|____/|_____|____/ 
        /_/                                                                

TEST PASSED: el usuario realiza el registro
----------------------------------------------------------------------------
]]></system-out>
  <system-err><![CDATA[dic 20, 2021 5:19:56 PM org.openqa.selenium.remote.DesiredCapabilities chrome
INFORMACIÓN: Using `new ChromeOptions()` is preferred to `DesiredCapabilities.chrome()`
Starting ChromeDriver 96.0.4664.45 (76e4c1bb2ab4671b8beba3444e61c0f17584b2fc-refs/branch-heads/4664@{#947}) on port 1280
Only local connections are allowed.
Please see https://chromedriver.chromium.org/security-considerations for suggestions on keeping ChromeDriver safe.
ChromeDriver was started successfully.
dic 20, 2021 5:20:00 PM org.openqa.selenium.remote.ProtocolHandshake createSession
INFORMACIÓN: Detected dialect: W3C
]]></system-err>
</testsuite>
